0 verbose cli /usr/local/bin/node /usr/local/bin/npm
1 info using npm@10.7.0
2 info using node@v18.20.3
3 silly config:load:file:/usr/local/lib/node_modules/npm/npmrc
4 silly config:load:file:/app/.npmrc
5 silly config:load:file:/root/.npmrc
6 silly config:load:file:/usr/local/etc/npmrc
7 verbose title npm run build
8 verbose argv "run" "build" "--force"
9 verbose logfile logs-max:10 dir:/root/.npm/_logs/2024-07-22T14_44_53_914Z-
10 verbose logfile /root/.npm/_logs/2024-07-22T14_44_53_914Z-debug-0.log
11 warn using --force Recommended protections disabled.
12 silly logfile done cleaning log files
13 http fetch GET 200 https://registry.npmjs.org/npm 295ms
14 notice
14 notice New [33mminor[39m version of npm available! [33m10.7.0[39m -> [34m10.8.2[39m
14 notice Changelog: [34mhttps://github.com/npm/cli/releases/tag/v10.8.2[39m
14 notice To update run: [4mnpm install -g npm@10.8.2[24m
14 notice  { force: true, [Symbol(proc-log.meta)]: true }
15 verbose exit 0
16 info ok
